[2020-01-14 17:42:41.591] [exthost] [info] extension host started
[2020-01-14 17:42:41.611] [exthost] [info] ExtensionService#_doActivateExtension vscode.debug-auto-launch {"startup":true,"extensionId":{"value":"vscode.debug-auto-launch","_lower":"vscode.debug-auto-launch"},"activationEvent":"*"}
[2020-01-14 17:42:41.611] [exthost] [info] ExtensionService#loadCommonJSModule file:///snap/code/23/usr/share/code/resources/app/extensions/debug-auto-launch/dist/extension
[2020-01-14 17:42:41.636] [exthost] [info] ExtensionService#_doActivateExtension vscode.emmet {"startup":true,"extensionId":{"value":"vscode.emmet","_lower":"vscode.emmet"},"activationEvent":"*"}
[2020-01-14 17:42:41.636] [exthost] [info] ExtensionService#loadCommonJSModule file:///snap/code/23/usr/share/code/resources/app/extensions/emmet/dist/extension
[2020-01-14 17:42:41.689] [exthost] [info] ExtensionService#_doActivateExtension vscode.git {"startup":true,"extensionId":{"value":"vscode.git","_lower":"vscode.git"},"activationEvent":"*"}
[2020-01-14 17:42:41.689] [exthost] [info] ExtensionService#loadCommonJSModule file:///snap/code/23/usr/share/code/resources/app/extensions/git/dist/main
[2020-01-14 17:42:41.779] [exthost] [info] ExtensionService#_doActivateExtension vscode.merge-conflict {"startup":true,"extensionId":{"value":"vscode.merge-conflict","_lower":"vscode.merge-conflict"},"activationEvent":"*"}
[2020-01-14 17:42:41.779] [exthost] [info] ExtensionService#loadCommonJSModule file:///snap/code/23/usr/share/code/resources/app/extensions/merge-conflict/dist/extension
[2020-01-14 17:42:41.783] [exthost] [info] ExtensionService#_doActivateExtension vscode.search-result {"startup":true,"extensionId":{"value":"vscode.search-result","_lower":"vscode.search-result"},"activationEvent":"*"}
[2020-01-14 17:42:41.783] [exthost] [info] ExtensionService#loadCommonJSModule file:///snap/code/23/usr/share/code/resources/app/extensions/search-result/dist/extension.js
[2020-01-14 17:42:41.796] [exthost] [info] eager extensions activated
[2020-01-14 18:07:32.856] [exthost] [info] extension host started
[2020-01-14 18:07:32.931] [exthost] [info] ExtensionService#_doActivateExtension vscode.debug-auto-launch {"startup":true,"extensionId":{"value":"vscode.debug-auto-launch","_lower":"vscode.debug-auto-launch"},"activationEvent":"*"}
[2020-01-14 18:07:32.931] [exthost] [info] ExtensionService#loadCommonJSModule file:///snap/code/23/usr/share/code/resources/app/extensions/debug-auto-launch/dist/extension
[2020-01-14 18:07:32.935] [exthost] [info] ExtensionService#_doActivateExtension vscode.emmet {"startup":true,"extensionId":{"value":"vscode.emmet","_lower":"vscode.emmet"},"activationEvent":"*"}
[2020-01-14 18:07:32.935] [exthost] [info] ExtensionService#loadCommonJSModule file:///snap/code/23/usr/share/code/resources/app/extensions/emmet/dist/extension
[2020-01-14 18:07:32.958] [exthost] [info] ExtensionService#_doActivateExtension vscode.git {"startup":true,"extensionId":{"value":"vscode.git","_lower":"vscode.git"},"activationEvent":"*"}
[2020-01-14 18:07:32.959] [exthost] [info] ExtensionService#loadCommonJSModule file:///snap/code/23/usr/share/code/resources/app/extensions/git/dist/main
[2020-01-14 18:07:32.981] [exthost] [info] ExtensionService#_doActivateExtension vscode.merge-conflict {"startup":true,"extensionId":{"value":"vscode.merge-conflict","_lower":"vscode.merge-conflict"},"activationEvent":"*"}
[2020-01-14 18:07:32.981] [exthost] [info] ExtensionService#loadCommonJSModule file:///snap/code/23/usr/share/code/resources/app/extensions/merge-conflict/dist/extension
[2020-01-14 18:07:32.983] [exthost] [info] ExtensionService#_doActivateExtension vscode.search-result {"startup":true,"extensionId":{"value":"vscode.search-result","_lower":"vscode.search-result"},"activationEvent":"*"}
[2020-01-14 18:07:32.984] [exthost] [info] ExtensionService#loadCommonJSModule file:///snap/code/23/usr/share/code/resources/app/extensions/search-result/dist/extension.js
[2020-01-14 18:07:33.026] [exthost] [info] eager extensions activated
[2020-01-14 18:07:35.311] [exthost] [info] ExtensionService#_doActivateExtension vscode.html-language-features {"startup":false,"extensionId":{"value":"vscode.html-language-features","_lower":"vscode.html-language-features"},"activationEvent":"onLanguage:html"}
[2020-01-14 18:07:35.311] [exthost] [info] ExtensionService#loadCommonJSModule file:///snap/code/23/usr/share/code/resources/app/extensions/html-language-features/client/dist/htmlMain
[2020-01-14 18:07:52.513] [exthost] [info] ExtensionService#_doActivateExtension vscode.extension-editing {"startup":false,"extensionId":{"value":"vscode.extension-editing","_lower":"vscode.extension-editing"},"activationEvent":"onLanguage:markdown"}
[2020-01-14 18:07:52.513] [exthost] [info] ExtensionService#loadCommonJSModule file:///snap/code/23/usr/share/code/resources/app/extensions/extension-editing/dist/extension
[2020-01-14 18:07:52.562] [exthost] [info] ExtensionService#_doActivateExtension vscode.markdown-language-features {"startup":false,"extensionId":{"value":"vscode.markdown-language-features","_lower":"vscode.markdown-language-features"},"activationEvent":"onLanguage:markdown"}
[2020-01-14 18:07:52.562] [exthost] [info] ExtensionService#loadCommonJSModule file:///snap/code/23/usr/share/code/resources/app/extensions/markdown-language-features/dist/extension
[2020-01-14 18:08:45.742] [exthost] [info] ExtensionService#_doActivateExtension vscode.css-language-features {"startup":false,"extensionId":{"value":"vscode.css-language-features","_lower":"vscode.css-language-features"},"activationEvent":"onLanguage:css"}
[2020-01-14 18:08:45.742] [exthost] [info] ExtensionService#loadCommonJSModule file:///snap/code/23/usr/share/code/resources/app/extensions/css-language-features/client/dist/cssMain
